<?xml version="1.0" encoding="UTF-8"?>
<testsuites>
  <testsuite name="fastlane.lanes">
    
    
    
      
      <testcase classname="fastlane.lanes" name="0: Verifying fastlane version" time="0.002831247">
        
      </testcase>
    
      
      <testcase classname="fastlane.lanes" name="1: default_platform" time="0.000628813">
        
      </testcase>
    
      
      <testcase classname="fastlane.lanes" name="2: build_android_app" time="4.259592619">
        
          <failure message="/var/lib/gems/2.5.0/gems/fastlane-2.99.1/fastlane/lib/fastlane/actions/actions_helper.rb:48:in `execute_action'&#10;/var/lib/gems/2.5.0/gems/fastlane-2.99.1/fastlane/lib/fastlane/runner.rb:232:in `block in execute_action'&#10;/var/lib/gems/2.5.0/gems/fastlane-2.99.1/fastlane/lib/fastlane/runner.rb:227:in `chdir'&#10;/var/lib/gems/2.5.0/gems/fastlane-2.99.1/fastlane/lib/fastlane/runner.rb:227:in `execute_action'&#10;/var/lib/gems/2.5.0/gems/fastlane-2.99.1/fastlane/lib/fastlane/runner.rb:157:in `trigger_action_by_name'&#10;/var/lib/gems/2.5.0/gems/fastlane-2.99.1/fastlane/lib/fastlane/fast_file.rb:149:in `method_missing'&#10;Fastfile:18:in `block in parsing_binding'&#10;/var/lib/gems/2.5.0/gems/fastlane-2.99.1/fastlane/lib/fastlane/lane.rb:33:in `call'&#10;/var/lib/gems/2.5.0/gems/fastlane-2.99.1/fastlane/lib/fastlane/runner.rb:49:in `block in execute'&#10;/var/lib/gems/2.5.0/gems/fastlane-2.99.1/fastlane/lib/fastlane/runner.rb:45:in `chdir'&#10;/var/lib/gems/2.5.0/gems/fastlane-2.99.1/fastlane/lib/fastlane/runner.rb:45:in `execute'&#10;/var/lib/gems/2.5.0/gems/fastlane-2.99.1/fastlane/lib/fastlane/lane_manager.rb:56:in `cruise_lane'&#10;/var/lib/gems/2.5.0/gems/fastlane-2.99.1/fastlane/lib/fastlane/command_line_handler.rb:36:in `handle'&#10;/var/lib/gems/2.5.0/gems/fastlane-2.99.1/fastlane/lib/fastlane/commands_generator.rb:108:in `block (2 levels) in run'&#10;/var/lib/gems/2.5.0/gems/commander-fastlane-4.4.6/lib/commander/command.rb:178:in `call'&#10;/var/lib/gems/2.5.0/gems/commander-fastlane-4.4.6/lib/commander/command.rb:153:in `run'&#10;/var/lib/gems/2.5.0/gems/commander-fastlane-4.4.6/lib/commander/runner.rb:476:in `run_active_command'&#10;/var/lib/gems/2.5.0/gems/fastlane-2.99.1/fastlane_core/lib/fastlane_core/ui/fastlane_runner.rb:74:in `run!'&#10;/var/lib/gems/2.5.0/gems/commander-fastlane-4.4.6/lib/commander/delegates.rb:15:in `run!'&#10;/var/lib/gems/2.5.0/gems/fastlane-2.99.1/fastlane/lib/fastlane/commands_generator.rb:333:in `run'&#10;/var/lib/gems/2.5.0/gems/fastlane-2.99.1/fastlane/lib/fastlane/commands_generator.rb:41:in `start'&#10;/var/lib/gems/2.5.0/gems/fastlane-2.99.1/fastlane/lib/fastlane/cli_tools_distributor.rb:108:in `take_off'&#10;/var/lib/gems/2.5.0/gems/fastlane-2.99.1/bin/fastlane:20:in `&lt;top (required)&gt;'&#10;/usr/local/bin/fastlane:23:in `load'&#10;/usr/local/bin/fastlane:23:in `&lt;main&gt;'&#10;&#10;Exit status of command '/home/rainer/AndroidStudioProjects/MyApp/gradlew assembleRelease -p .' was 1 instead of 0.&#10;&#10;FAILURE: Build failed with an exception.&#10;&#10;* What went wrong:&#10;A problem occurred configuring root project 'MyApp'.&#10;&gt; Could not resolve all files for configuration ':classpath'.&#10;   &gt; Could not resolve org.jetbrains.kotlin:kotlin-stdlib-jre8:1.2.0.&#10;     Required by:&#10;         project : &gt; com.android.tools.build:gradle:3.1.3 &gt; com.android.tools.build:gradle-core:3.1.3&#10;         project : &gt; com.android.tools.build:gradle:3.1.3 &gt; com.android.tools.build:gradle-core:3.1.3 &gt; com.android.tools.build:builder:3.1.3&#10;         project : &gt; com.android.tools.build:gradle:3.1.3 &gt; com.android.tools.build:gradle-core:3.1.3 &gt; com.android.tools.lint:lint-gradle-api:26.1.3&#10;         project : &gt; com.android.tools.build:gradle:3.1.3 &gt; com.android.tools.build:gradle-core:3.1.3 &gt; com.android.tools.build:gradle-api:3.1.3&#10;         project : &gt; com.android.tools.build:gradle:3.1.3 &gt; com.android.tools.build:gradle-core:3.1.3 &gt; com.android.databinding:compilerCommon:3.1.3&#10;         project : &gt; com.android.tools.build:gradle:3.1.3 &gt; com.android.tools.build:gradle-core:3.1.3 &gt; com.android.tools.build:builder:3.1.3 &gt; com.android.tools:sdk-common:26.1.3&#10;         project : &gt; com.android.tools.build:gradle:3.1.3 &gt; com.android.tools.build:gradle-core:3.1.3 &gt; com.android.tools.build:builder:3.1.3 &gt; com.android.tools.build:manifest-merger:26.1.3&#10;         project : &gt; com.android.tools.build:gradle:3.1.3 &gt; com.android.tools.build:gradle-core:3.1.3 &gt; com.android.tools.build:builder:3.1.3 &gt; com.android.tools:sdklib:26.1.3 &gt; com.android.tools:repository:26.1.3&#10;      &gt; Could not resolve org.jetbrains.kotlin:kotlin-stdlib-jre8:1.2.0.&#10;         &gt; Could not get resource 'https://dl.google.com/dl/android/maven2/org/jetbrains/kotlin/kotlin-stdlib-jre8/1.2.0/kotlin-stdlib-jre8-1.2.0.pom'.&#10;            &gt; Could not HEAD 'https://dl.google.com/dl/android/maven2/org/jetbrains/kotlin/kotlin-stdlib-jre8/1.2.0/kotlin-stdlib-jre8-1.2.0.pom'.&#10;               &gt; java.lang.RuntimeException: Unexpected error: java.security.InvalidAlgorithmParameterException: the trustAnchors parameter must be non-empty&#10;   &gt; Could not resolve org.ow2.asm:asm:5.1.&#10;     Required by:&#10;         project : &gt; com.android.tools.build:gradle:3.1.3 &gt; com.android.tools.build:gradle-core:3.1.3&#10;         project : &gt; com.android.tools.build:gradle:3.1.3 &gt; com.android.tools.build:gradle-core:3.1.3 &gt; com.android.tools.build:builder:3.1.3&#10;      &gt; Could not resolve org.ow2.asm:asm:5.1.&#10;         &gt; Could not get resource 'https://dl.google.com/dl/android/maven2/org/ow2/asm/asm/5.1/asm-5.1.pom'.&#10;            &gt; Could not HEAD 'https://dl.google.com/dl/android/maven2/org/ow2/asm/asm/5.1/asm-5.1.pom'.&#10;               &gt; java.lang.RuntimeException: Unexpected error: java.security.InvalidAlgorithmParameterException: the trustAnchors parameter must be non-empty&#10;   &gt; Could not resolve org.ow2.asm:asm-analysis:5.1.&#10;     Required by:&#10;         project : &gt; com.android.tools.build:gradle:3.1.3 &gt; com.android.tools.build:gradle-core:3.1.3&#10;      &gt; Could not resolve org.ow2.asm:asm-analysis:5.1.&#10;         &gt; Could not get resource 'https://dl.google.com/dl/android/maven2/org/ow2/asm/asm-analysis/5.1/asm-analysis-5.1.pom'.&#10;            &gt; Could not HEAD 'https://dl.google.com/dl/android/maven2/org/ow2/asm/asm-analysis/5.1/asm-analysis-5.1.pom'.&#10;               &gt; java.lang.RuntimeException: Unexpected error: java.security.InvalidAlgorithmParameterException: the trustAnchors parameter must be non-empty&#10;   &gt; Could not resolve org.ow2.asm:asm-commons:5.1.&#10;     Required by:&#10;         project : &gt; com.android.tools.build:gradle:3.1.3 &gt; com.android.tools.build:gradle-core:3.1.3&#10;         project : &gt; com.android.tools.build:gradle:3.1.3 &gt; com.android.tools.build:gradle-core:3.1.3 &gt; com.android.tools.build:builder:3.1.3&#10;      &gt; Could not resolve org.ow2.asm:asm-commons:5.1.&#10;         &gt; Could not get resource 'https://dl.google.com/dl/android/maven2/org/ow2/asm/asm-commons/5.1/asm-commons-5.1.pom'.&#10;            &gt; Could not HEAD 'https://dl.google.com/dl/android/maven2/org/ow2/asm/asm-commons/5.1/asm-commons-5.1.pom'.&#10;               &gt; java.lang.RuntimeException: Unexpected error: java.security.InvalidAlgorithmParameterException: the trustAnchors parameter must be non-empty&#10;   &gt; Could not resolve org.ow2.asm:asm-util:5.1.&#10;     Required by:&#10;         project : &gt; com.android.tools.build:gradle:3.1.3 &gt; com.android.tools.build:gradle-core:3.1.3&#10;         project : &gt; com.android.tools.build:gradle:3.1.3 &gt; com.android.tools.build:gradle-core:3.1.3 &gt; com.android.tools.build:builder:3.1.3&#10;      &gt; Could not resolve org.ow2.asm:asm-util:5.1.&#10;         &gt; Could not get resource 'https://dl.google.com/dl/android/maven2/org/ow2/asm/asm-util/5.1/asm-util-5.1.pom'.&#10;            &gt; Could not HEAD 'https://dl.google.com/dl/android/maven2/org/ow2/asm/asm-util/5.1/asm-util-5.1.pom'.&#10;               &gt; java.lang.RuntimeException: Unexpected error: java.security.InvalidAlgorithmParameterException: the trustAnchors parameter must be non-empty&#10;   &gt; Could not resolve net.sf.jopt-simple:jopt-simple:4.9.&#10;     Required by:&#10;         project : &gt; com.android.tools.build:gradle:3.1.3 &gt; com.android.tools.build:gradle-core:3.1.3&#10;         project : &gt; com.android.tools.build:gradle:3.1.3 &gt; com.android.tools.build:gradle-core:3.1.3 &gt; com.android.tools.build:builder:3.1.3&#10;      &gt; Could not resolve net.sf.jopt-simple:jopt-simple:4.9.&#10;         &gt; Could not get resource 'https://dl.google.com/dl/android/maven2/net/sf/jopt-simple/jopt-simple/4.9/jopt-simple-4.9.pom'.&#10;            &gt; Could not HEAD 'https://dl.google.com/dl/android/maven2/net/sf/jopt-simple/jopt-simple/4.9/jopt-simple-4.9.pom'.&#10;               &gt; java.lang.RuntimeException: Unexpected error: java.security.InvalidAlgorithmParameterException: the trustAnchors parameter must be non-empty&#10;   &gt; Could not resolve net.sf.proguard:proguard-gradle:5.3.3.&#10;     Required by:&#10;         project : &gt; com.android.tools.build:gradle:3.1.3 &gt; com.android.tools.build:gradle-core:3.1.3&#10;      &gt; Could not resolve net.sf.proguard:proguard-gradle:5.3.3.&#10;         &gt; Could not get resource 'https://dl.google.com/dl/android/maven2/net/sf/proguard/proguard-gradle/5.3.3/proguard-gradle-5.3.3.pom'.&#10;            &gt; Could not HEAD 'https://dl.google.com/dl/android/maven2/net/sf/proguard/proguard-gradle/5.3.3/proguard-gradle-5.3.3.pom'.&#10;               &gt; java.lang.RuntimeException: Unexpected error: java.security.InvalidAlgorithmParameterException: the trustAnchors parameter must be non-empty&#10;   &gt; Could not resolve com.google.auto.value:auto-value:1.5.2.&#10;     Required by:&#10;         project : &gt; com.android.tools.build:gradle:3.1.3 &gt; com.android.tools.build:bundletool:0.1.0-alpha01&#10;      &gt; Could not resolve com.google.auto.value:auto-value:1.5.2.&#10;         &gt; Could not get resource 'https://dl.google.com/dl/android/maven2/com/google/auto/value/auto-value/1.5.2/auto-value-1.5.2.pom'.&#10;            &gt; Could not HEAD 'https://dl.google.com/dl/android/maven2/com/google/auto/value/auto-value/1.5.2/auto-value-1.5.2.pom'.&#10;               &gt; java.lang.RuntimeException: Unexpected error: java.security.InvalidAlgorithmParameterException: the trustAnchors parameter must be non-empty&#10;   &gt; Could not resolve com.google.guava:guava:22.0.&#10;     Required by:&#10;         project : &gt; com.android.tools.build:gradle:3.1.3 &gt; com.android.tools.build:bundletool:0.1.0-alpha01&#10;         project : &gt; com.android.tools.build:gradle:3.1.3 &gt; com.android.tools.build:gradle-core:3.1.3 &gt; com.android.tools.lint:lint-gradle-api:26.1.3&#10;         project : &gt; com.android.tools.build:gradle:3.1.3 &gt; com.android.tools.build:gradle-core:3.1.3 &gt; com.android.tools.build:gradle-api:3.1.3&#10;         project : &gt; com.android.tools.build:gradle:3.1.3 &gt; com.android.tools.build:gradle-core:3.1.3 &gt; com.android.databinding:compilerCommon:3.1.3&#10;         project : &gt; com.android.tools.build:gradle:3.1.3 &gt; com.android.tools.build:gradle-core:3.1.3 &gt; com.android.tools.build:builder:3.1.3 &gt; com.android.tools:common:26.1.3&#10;         project : &gt; com.android.tools.build:gradle:3.1.3 &gt; com.android.tools.build:gradle-core:3.1.3 &gt; com.android.tools.build:builder:3.1.3 &gt; com.android.tools.analytics-library:shared:26.1.3&#10;         project : &gt; com.android.tools.build:gradle:3.1.3 &gt; com.android.tools.build:gradle-core:3.1.3 &gt; com.android.tools.build:builder:3.1.3 &gt; com.android.tools.analytics-library:tracker:26.1.3&#10;      &gt; Could not resolve com.google.guava:guava:22.0.&#10;         &gt; Could not get resource 'https://dl.google.com/dl/android/maven2/com/google/guava/guava/22.0/guava-22.0.pom'.&#10;            &gt; Could not HEAD 'https://dl.google.com/dl/android/maven2/com/google/guava/guava/22.0/guava-22.0.pom'.&#10;               &gt; java.lang.RuntimeException: Unexpected error: java.security.InvalidAlgorithmParameterException: the trustAnchors parameter must be non-empty&#10;   &gt; Could not resolve com.google.protobuf:protobuf-java:3.4.0.&#10;     Required by:&#10;         project : &gt; com.android.tools.build:gradle:3.1.3 &gt; com.android.tools.build:bundletool:0.1.0-alpha01&#10;         project : &gt; com.android.tools.build:gradle:3.1.3 &gt; com.android.tools.build:bundletool:0.1.0-alpha01 &gt; com.android.tools.build:aapt2-proto:0.1.0&#10;         project : &gt; com.android.tools.build:gradle:3.1.3 &gt; com.android.tools.build:gradle-core:3.1.3 &gt; com.android.tools.build:builder:3.1.3 &gt; com.android.tools:sdk-common:26.1.3&#10;         project : &gt; com.android.tools.build:gradle:3.1.3 &gt; com.android.tools.build:gradle-core:3.1.3 &gt; com.android.tools.build:builder:3.1.3 &gt; com.android.tools.analytics-library:protos:26.1.3&#10;         project : &gt; com.android.tools.build:gradle:3.1.3 &gt; com.android.tools.build:gradle-core:3.1.3 &gt; com.android.tools.build:builder:3.1.3 &gt; com.android.tools.analytics-library:tracker:26.1.3&#10;      &gt; Could not resolve com.google.protobuf:protobuf-java:3.4.0.&#10;         &gt; Could not get resource 'https://dl.google.com/dl/android/maven2/com/google/protobuf/protobuf-java/3.4.0/protobuf-java-3.4.0.pom'.&#10;            &gt; Could not HEAD 'https://dl.google.com/dl/android/maven2/com/google/protobuf/protobuf-java/3.4.0/protobuf-java-3.4.0.pom'.&#10;               &gt; java.lang.RuntimeException: Unexpected error: java.security.InvalidAlgorithmParameterException: the trustAnchors parameter must be non-empty&#10;   &gt; Could not resolve com.google.protobuf:protobuf-java-util:3.4.0.&#10;     Required by:&#10;         project : &gt; com.android.tools.build:gradle:3.1.3 &gt; com.android.tools.build:bundletool:0.1.0-alpha01&#10;      &gt; Could not resolve com.google.protobuf:protobuf-java-util:3.4.0.&#10;         &gt; Could not get resource 'https://dl.google.com/dl/android/maven2/com/google/protobuf/protobuf-java-util/3.4.0/protobuf-java-util-3.4.0.pom'.&#10;            &gt; Could not HEAD 'https://dl.google.com/dl/android/maven2/com/google/protobuf/protobuf-java-util/3.4.0/protobuf-java-util-3.4.0.pom'.&#10;               &gt; java.lang.RuntimeException: Unexpected error: java.security.InvalidAlgorithmParameterException: the trustAnchors parameter must be non-empty&#10;   &gt; Could not resolve com.google.errorprone:error_prone_annotations:2.1.2.&#10;     Required by:&#10;         project : &gt; com.android.tools.build:gradle:3.1.3 &gt; com.android.tools.build:bundletool:0.1.0-alpha01&#10;      &gt; Could not resolve com.google.errorprone:error_prone_annotations:2.1.2.&#10;         &gt; Could not get resource 'https://dl.google.com/dl/android/maven2/com/google/errorprone/error_prone_annotations/2.1.2/error_prone_annotations-2.1.2.pom'.&#10;            &gt; Could not HEAD 'https://dl.google.com/dl/android/maven2/com/google/errorprone/error_prone_annotations/2.1.2/error_prone_annotations-2.1.2.pom'.&#10;               &gt; java.lang.RuntimeException: Unexpected error: java.security.InvalidAlgorithmParameterException: the trustAnchors parameter must be non-empty&#10;   &gt; Could not resolve com.squareup:javawriter:2.5.0.&#10;     Required by:&#10;         project : &gt; com.android.tools.build:gradle:3.1.3 &gt; com.android.tools.build:gradle-core:3.1.3 &gt; com.android.tools.build:builder:3.1.3&#10;      &gt; Could not resolve com.squareup:javawriter:2.5.0.&#10;         &gt; Could not get resource 'https://dl.google.com/dl/android/maven2/com/squareup/javawriter/2.5.0/javawriter-2.5.0.pom'.&#10;            &gt; Could not HEAD 'https://dl.google.com/dl/android/maven2/com/squareup/javawriter/2.5.0/javawriter-2.5.0.pom'.&#10;               &gt; java.lang.RuntimeException: Unexpected error: java.security.InvalidAlgorithmParameterException: the trustAnchors parameter must be non-empty&#10;   &gt; Could not resolve org.bouncycastle:bcpkix-jdk15on:1.56.&#10;     Required by:&#10;         project : &gt; com.android.tools.build:gradle:3.1.3 &gt; com.android.tools.build:gradle-core:3.1.3 &gt; com.android.tools.build:builder:3.1.3&#10;         project : &gt; com.android.tools.build:gradle:3.1.3 &gt; com.android.tools.build:gradle-core:3.1.3 &gt; com.android.tools.build:builder:3.1.3 &gt; com.android.tools:sdk-common:26.1.3&#10;      &gt; Could not resolve org.bouncycastle:bcpkix-jdk15on:1.56.&#10;         &gt; Could not get resource 'https://dl.google.com/dl/android/maven2/org/bouncycastle/bcpkix-jdk15on/1.56/bcpkix-jdk15on-1.56.pom'.&#10;            &gt; Could not HEAD 'https://dl.google.com/dl/android/maven2/org/bouncycastle/bcpkix-jdk15on/1.56/bcpkix-jdk15on-1.56.pom'.&#10;               &gt; java.lang.RuntimeException: Unexpected error: java.security.InvalidAlgorithmParameterException: the trustAnchors parameter must be non-empty&#10;   &gt; Could not resolve org.bouncycastle:bcprov-jdk15on:1.56.&#10;     Required by:&#10;         project : &gt; com.android.tools.build:gradle:3.1.3 &gt; com.android.tools.build:gradle-core:3.1.3 &gt; com.android.tools.build:builder:3.1.3&#10;         project : &gt; com.android.tools.build:gradle:3.1.3 &gt; com.android.tools.build:gradle-core:3.1.3 &gt; com.android.tools.build:builder:3.1.3 &gt; com.android.tools:sdk-common:26.1.3&#10;      &gt; Could not resolve org.bouncycastle:bcprov-jdk15on:1.56.&#10;         &gt; Could not get resource 'https://dl.google.com/dl/android/maven2/org/bouncycastle/bcprov-jdk15on/1.56/bcprov-jdk15on-1.56.pom'.&#10;            &gt; Could not HEAD 'https://dl.google.com/dl/android/maven2/org/bouncycastle/bcprov-jdk15on/1.56/bcprov-jdk15on-1.56.pom'.&#10;               &gt; java.lang.RuntimeException: Unexpected error: java.security.InvalidAlgorithmParameterException: the trustAnchors parameter must be non-empty&#10;   &gt; Could not resolve org.ow2.asm:asm-tree:5.1.&#10;     Required by:&#10;         project : &gt; com.android.tools.build:gradle:3.1.3 &gt; com.android.tools.build:gradle-core:3.1.3 &gt; com.android.tools.build:builder:3.1.3&#10;      &gt; Could not resolve org.ow2.asm:asm-tree:5.1.&#10;         &gt; Could not get resource 'https://dl.google.com/dl/android/maven2/org/ow2/asm/asm-tree/5.1/asm-tree-5.1.pom'.&#10;            &gt; Could not HEAD 'https://dl.google.com/dl/android/maven2/org/ow2/asm/asm-tree/5.1/asm-tree-5.1.pom'.&#10;               &gt; java.lang.RuntimeException: Unexpected error: java.security.InvalidAlgorithmParameterException: the trustAnchors parameter must be non-empty&#10;   &gt; Could not resolve it.unimi.dsi:fastutil:7.2.0.&#10;     Required by:&#10;         project : &gt; com.android.tools.build:gradle:3.1.3 &gt; com.android.tools.build:gradle-core:3.1.3 &gt; com.android.tools.build:builder:3.1.3&#10;      &gt; Could not resolve it.unimi.dsi:fastutil:7.2.0.&#10;         &gt; Could not get resource 'https://dl.google.com/dl/android/maven2/it/unimi/dsi/fastutil/7.2.0/fastutil-7.2.0.pom'.&#10;            &gt; Could not HEAD 'https://dl.google.com/dl/android/maven2/it/unimi/dsi/fastutil/7.2.0/fastutil-7.2.0.pom'.&#10;               &gt; java.lang.RuntimeException: Unexpected error: java.security.InvalidAlgorithmParameterException: the trustAnchors parameter must be non-empty&#10;   &gt; Could not resolve com.googlecode.json-simple:json-simple:1.1.&#10;     Required by:&#10;         project : &gt; com.android.tools.build:gradle:3.1.3 &gt; com.android.tools.build:gradle-core:3.1.3 &gt; com.android.tools.build:builder:3.1.3&#10;      &gt; Could not resolve com.googlecode.json-simple:json-simple:1.1.&#10;         &gt; Could not get resource 'https://dl.google.com/dl/android/maven2/com/googlecode/json-simple/json-simple/1.1/json-simple-1.1.pom'.&#10;            &gt; Could not HEAD 'https://dl.google.com/dl/android/maven2/com/googlecode/json-simple/json-simple/1.1/json-simple-1.1.pom'.&#10;               &gt; java.lang.RuntimeException: Unexpected error: java.security.InvalidAlgorithmParameterException: the trustAnchors parameter must be non-empty&#10;   &gt; Could not resolve org.jetbrains.kotlin:kotlin-reflect:1.2.0.&#10;     Required by:&#10;         project : &gt; com.android.tools.build:gradle:3.1.3 &gt; com.android.tools.build:gradle-core:3.1.3 &gt; com.android.tools.lint:lint-gradle-api:26.1.3&#10;         project : &gt; com.android.tools.build:gradle:3.1.3 &gt; com.android.tools.build:gradle-core:3.1.3 &gt; com.android.tools.build:builder:3.1.3 &gt; com.android.tools:sdk-common:26.1.3&#10;      &gt; Could not resolve org.jetbrains.kotlin:kotlin-reflect:1.2.0.&#10;         &gt; Could not get resource 'https://dl.google.com/dl/android/maven2/org/jetbrains/kotlin/kotlin-reflect/1.2.0/kotlin-reflect-1.2.0.pom'.&#10;            &gt; Could not HEAD 'https://dl.google.com/dl/android/maven2/org/jetbrains/kotlin/kotlin-reflect/1.2.0/kotlin-reflect-1.2.0.pom'.&#10;               &gt; java.lang.RuntimeException: Unexpected error: java.security.InvalidAlgorithmParameterException: the trustAnchors parameter must be non-empty&#10;   &gt; Could not resolve org.antlr:antlr4:4.5.3.&#10;     Required by:&#10;         project : &gt; com.android.tools.build:gradle:3.1.3 &gt; com.android.tools.build:gradle-core:3.1.3 &gt; com.android.databinding:compilerCommon:3.1.3&#10;      &gt; Could not resolve org.antlr:antlr4:4.5.3.&#10;         &gt; Could not get resource 'https://dl.google.com/dl/android/maven2/org/antlr/antlr4/4.5.3/antlr4-4.5.3.pom'.&#10;            &gt; Could not HEAD 'https://dl.google.com/dl/android/maven2/org/antlr/antlr4/4.5.3/antlr4-4.5.3.pom'.&#10;               &gt; java.lang.RuntimeException: Unexpected error: java.security.InvalidAlgorithmParameterException: the trustAnchors parameter must be non-empty&#10;   &gt; Could not resolve commons-io:commons-io:2.4.&#10;     Required by:&#10;         project : &gt; com.android.tools.build:gradle:3.1.3 &gt; com.android.tools.build:gradle-core:3.1.3 &gt; com.android.databinding:compilerCommon:3.1.3&#10;      &gt; Could not resolve commons-io:commons-io:2.4.&#10;         &gt; Could not get resource 'https://dl.google.com/dl/android/maven2/commons-io/commons-io/2.4/commons-io-2.4.pom'.&#10;            &gt; Could not HEAD 'https://dl.google.com/dl/android/maven2/commons-io/commons-io/2.4/commons-io-2.4.pom'.&#10;               &gt; java.lang.RuntimeException: Unexpected error: java.security.InvalidAlgorithmParameterException: the trustAnchors parameter must be non-empty&#10;   &gt; Could not resolve com.googlecode.juniversalchardet:juniversalchardet:1.0.3.&#10;     Required by:&#10;         project : &gt; com.android.tools.build:gradle:3.1.3 &gt; com.android.tools.build:gradle-core:3.1.3 &gt; com.android.databinding:compilerCommon:3.1.3&#10;      &gt; Could not resolve com.googlecode.juniversalchardet:juniversalchardet:1.0.3.&#10;         &gt; Could not get resource 'https://dl.google.com/dl/android/maven2/com/googlecode/juniversalchardet/juniversalchardet/1.0.3/juniversalchardet-1.0.3.pom'.&#10;            &gt; Could not HEAD 'https://dl.google.com/dl/android/maven2/com/googlecode/juniversalchardet/juniversalchardet/1.0.3/juniversalchardet-1.0.3.pom'.&#10;               &gt; java.lang.RuntimeException: Unexpected error: java.security.InvalidAlgorithmParameterException: the trustAnchors parameter must be non-empty&#10;   &gt; Could not resolve com.squareup:javapoet:1.8.0.&#10;     Required by:&#10;         project : &gt; com.android.tools.build:gradle:3.1.3 &gt; com.android.tools.build:gradle-core:3.1.3 &gt; com.android.databinding:compilerCommon:3.1.3&#10;      &gt; Could not resolve com.squareup:javapoet:1.8.0.&#10;         &gt; Could not get resource 'https://dl.google.com/dl/android/maven2/com/squareup/javapoet/1.8.0/javapoet-1.8.0.pom'.&#10;            &gt; Could not HEAD 'https://dl.google.com/dl/android/maven2/com/squareup/javapoet/1.8.0/javapoet-1.8.0.pom'.&#10;               &gt; java.lang.RuntimeException: Unexpected error: java.security.InvalidAlgorithmParameterException: the trustAnchors parameter must be non-empty&#10;   &gt; Could not resolve com.google.code.gson:gson:2.7.&#10;     Required by:&#10;         project : &gt; com.android.tools.build:gradle:3.1.3 &gt; com.android.tools.build:gradle-core:3.1.3 &gt; com.android.databinding:compilerCommon:3.1.3&#10;         project : &gt; com.android.tools.build:gradle:3.1.3 &gt; com.android.tools.build:gradle-core:3.1.3 &gt; com.android.tools.build:builder:3.1.3 &gt; com.android.tools:sdklib:26.1.3&#10;         project : &gt; com.android.tools.build:gradle:3.1.3 &gt; com.android.tools.build:gradle-core:3.1.3 &gt; com.android.tools.build:builder:3.1.3 &gt; com.android.tools.build:manifest-merger:26.1.3&#10;         project : &gt; com.android.tools.build:gradle:3.1.3 &gt; com.android.tools.build:gradle-core:3.1.3 &gt; com.android.tools.build:builder:3.1.3 &gt; com.android.tools.analytics-library:shared:26.1.3&#10;      &gt; Could not resolve com.google.code.gson:gson:2.7.&#10;         &gt; Could not get resource 'https://dl.google.com/dl/android/maven2/com/google/code/gson/gson/2.7/gson-2.7.pom'.&#10;            &gt; Could not HEAD 'https://dl.google.com/dl/android/maven2/com/google/code/gson/gson/2.7/gson-2.7.pom'.&#10;               &gt; java.lang.RuntimeException: Unexpected error: java.security.InvalidAlgorithmParameterException: the trustAnchors parameter must be non-empty&#10;   &gt; Could not resolve org.apache.commons:commons-compress:1.12.&#10;     Required by:&#10;         project : &gt; com.android.tools.build:gradle:3.1.3 &gt; com.android.tools.build:gradle-core:3.1.3 &gt; com.android.tools.build:builder:3.1.3 &gt; com.android.tools:sdklib:26.1.3&#10;         project : &gt; com.android.tools.build:gradle:3.1.3 &gt; com.android.tools.build:gradle-core:3.1.3 &gt; com.android.tools.build:builder:3.1.3 &gt; com.android.tools:sdklib:26.1.3 &gt; com.android.tools:repository:26.1.3&#10;      &gt; Could not resolve org.apache.commons:commons-compress:1.12.&#10;         &gt; Could not get resource 'https://dl.google.com/dl/android/maven2/org/apache/commons/commons-compress/1.12/commons-compress-1.12.pom'.&#10;            &gt; Could not HEAD 'https://dl.google.com/dl/android/maven2/org/apache/commons/commons-compress/1.12/commons-compress-1.12.pom'.&#10;               &gt; java.lang.RuntimeException: Unexpected error: java.security.InvalidAlgorithmParameterException: the trustAnchors parameter must be non-empty&#10;   &gt; Could not resolve org.apache.httpcomponents:httpclient:4.2.6.&#10;     Required by:&#10;         project : &gt; com.android.tools.build:gradle:3.1.3 &gt; com.android.tools.build:gradle-core:3.1.3 &gt; com.android.tools.build:builder:3.1.3 &gt; com.android.tools:sdklib:26.1.3&#10;      &gt; Could not resolve org.apache.httpcomponents:httpclient:4.2.6.&#10;         &gt; Could not get resource 'https://dl.google.com/dl/android/maven2/org/apache/httpcomponents/httpclient/4.2.6/httpclient-4.2.6.pom'.&#10;            &gt; Could not HEAD 'https://dl.google.com/dl/android/maven2/org/apache/httpcomponents/httpclient/4.2.6/httpclient-4.2.6.pom'.&#10;               &gt; java.lang.RuntimeException: Unexpected error: java.security.InvalidAlgorithmParameterException: the trustAnchors parameter must be non-empty&#10;   &gt; Could not resolve org.apache.httpcomponents:httpmime:4.1.&#10;     Required by:&#10;         project : &gt; com.android.tools.build:gradle:3.1.3 &gt; com.android.tools.build:gradle-core:3.1.3 &gt; com.android.tools.build:builder:3.1.3 &gt; com.android.tools:sdklib:26.1.3&#10;      &gt; Could not resolve org.apache.httpcomponents:httpmime:4.1.&#10;         &gt; Could not get resource 'https://dl.google.com/dl/android/maven2/org/apache/httpcomponents/httpmime/4.1/httpmime-4.1.pom'.&#10;            &gt; Could not HEAD 'https://dl.google.com/dl/android/maven2/org/apache/httpcomponents/httpmime/4.1/httpmime-4.1.pom'.&#10;               &gt; java.lang.RuntimeException: Unexpected error: java.security.InvalidAlgorithmParameterException: the trustAnchors parameter must be non-empty&#10;   &gt; Could not resolve net.sf.kxml:kxml2:2.3.0.&#10;     Required by:&#10;         project : &gt; com.android.tools.build:gradle:3.1.3 &gt; com.android.tools.build:gradle-core:3.1.3 &gt; com.android.tools.build:builder:3.1.3 &gt; com.android.tools.build:manifest-merger:26.1.3&#10;         project : &gt; com.android.tools.build:gradle:3.1.3 &gt; com.android.tools.build:gradle-core:3.1.3 &gt; com.android.tools.build:builder:3.1.3 &gt; com.android.tools.ddms:ddmlib:26.1.3&#10;         project : &gt; com.android.tools.build:gradle:3.1.3 &gt; com.android.tools.build:gradle-core:3.1.3 &gt; com.android.tools.build:builder:3.1.3 &gt; com.android.tools:sdklib:26.1.3 &gt; com.android.tools.layoutlib:layoutlib-api:26.1.3&#10;      &gt; Could not resolve net.sf.kxml:kxml2:2.3.0.&#10;         &gt; Could not get resource 'https://dl.google.com/dl/android/maven2/net/sf/kxml/kxml2/2.3.0/kxml2-2.3.0.pom'.&#10;            &gt; Could not HEAD 'https://dl.google.com/dl/android/maven2/net/sf/kxml/kxml2/2.3.0/kxml2-2.3.0.pom'.&#10;               &gt; java.lang.RuntimeException: Unexpected error: java.security.InvalidAlgorithmParameterException: the trustAnchors parameter must be non-empty&#10;   &gt; Could not resolve org.jetbrains:annotations:13.0.&#10;     Required by:&#10;         project : &gt; com.android.tools.build:gradle:3.1.3 &gt; com.android.tools.build:gradle-core:3.1.3 &gt; com.android.tools.build:builder:3.1.3 &gt; com.android.tools:sdklib:26.1.3 &gt; com.android.tools.layoutlib:layoutlib-api:26.1.3&#10;      &gt; Could not resolve org.jetbrains:annotations:13.0.&#10;         &gt; Could not get resource 'https://dl.google.com/dl/android/maven2/org/jetbrains/annotations/13.0/annotations-13.0.pom'.&#10;            &gt; Could not HEAD 'https://dl.google.com/dl/android/maven2/org/jetbrains/annotations/13.0/annotations-13.0.pom'.&#10;               &gt; java.lang.RuntimeException: Unexpected error: java.security.InvalidAlgorithmParameterException: the trustAnchors parameter must be non-empty&#10;   &gt; Could not resolve com.sun.activation:javax.activation:1.2.0.&#10;     Required by:&#10;         project : &gt; com.android.tools.build:gradle:3.1.3 &gt; com.android.tools.build:gradle-core:3.1.3 &gt; com.android.tools.build:builder:3.1.3 &gt; com.android.tools:sdklib:26.1.3 &gt; com.android.tools:repository:26.1.3&#10;      &gt; Could not resolve com.sun.activation:javax.activation:1.2.0.&#10;         &gt; Could not get resource 'https://dl.google.com/dl/android/maven2/com/sun/activation/javax.activation/1.2.0/javax.activation-1.2.0.pom'.&#10;            &gt; Could not HEAD 'https://dl.google.com/dl/android/maven2/com/sun/activation/javax.activation/1.2.0/javax.activation-1.2.0.pom'.&#10;               &gt; java.lang.RuntimeException: Unexpected error: java.security.InvalidAlgorithmParameterException: the trustAnchors parameter must be non-empty&#10;   &gt; Could not resolve org.glassfish.jaxb:jaxb-runtime:2.2.11.&#10;     Required by:&#10;         project : &gt; com.android.tools.build:gradle:3.1.3 &gt; com.android.tools.build:gradle-core:3.1.3 &gt; com.android.tools.build:builder:3.1.3 &gt; com.android.tools:sdklib:26.1.3 &gt; com.android.tools:repository:26.1.3&#10;      &gt; Could not resolve org.glassfish.jaxb:jaxb-runtime:2.2.11.&#10;         &gt; Could not get resource 'https://dl.google.com/dl/android/maven2/org/glassfish/jaxb/jaxb-runtime/2.2.11/jaxb-runtime-2.2.11.pom'.&#10;            &gt; Could not HEAD 'https://dl.google.com/dl/android/maven2/org/glassfish/jaxb/jaxb-runtime/2.2.11/jaxb-runtime-2.2.11.pom'.&#10;               &gt; java.lang.RuntimeException: Unexpected error: java.security.InvalidAlgorithmParameterException: the trustAnchors parameter must be non-empty&#10;   &gt; Could not resolve com.google.jimfs:jimfs:1.1.&#10;     Required by:&#10;         project : &gt; com.android.tools.build:gradle:3.1.3 &gt; com.android.tools.build:gradle-core:3.1.3 &gt; com.android.tools.build:builder:3.1.3 &gt; com.android.tools:sdklib:26.1.3 &gt; com.android.tools:repository:26.1.3&#10;      &gt; Could not resolve com.google.jimfs:jimfs:1.1.&#10;         &gt; Could not get resource 'https://dl.google.com/dl/android/maven2/com/google/jimfs/jimfs/1.1/jimfs-1.1.pom'.&#10;            &gt; Could not HEAD 'https://dl.google.com/dl/android/maven2/com/google/jimfs/jimfs/1.1/jimfs-1.1.pom'.&#10;               &gt; java.lang.RuntimeException: Unexpected error: java.security.InvalidAlgorithmParameterException: the trustAnchors parameter must be non-empty&#10;&#10;* Try:&#10;Run with --stacktrace option to get the stack trace. Run with --info or --debug option to get more log output. Run with --scan to get full insights.&#10;&#10;* Get more help at https://help.gradle.org&#10;&#10;BUILD FAILED in 3s&#10;" />
        
      </testcase>
    
  </testsuite>
</testsuites>
